Arguments: 
  /Users/qudian/.nvm/versions/node/v8.10.0/bin/node /usr/local/bin/yarn add html-webpack-plugin@webpack-contrib/html-webpack-plugin

PATH: 
  /Users/qudian/.nvm/versions/node/v8.10.0/bin:/bin:/Library/Frameworks/Python.framework/Versions/3.6/bin:/usr/local/bin:/usr/bin:/bin:/usr/sbin:/sbin:/usr/local/go/bin:/Users/lcore/dev/code/go/bin:/Users/qudian/Downloads/apache-tomcat-7.0.88/bin:/Users/qudian/Library/Android/sdk/tools:/Users/qudian/Library/Android/sdk/platform-tools

Yarn version: 
  1.5.1

Node version: 
  8.10.0

Platform: 
  darwin x64

npm manifest: 
  {
    "name": "single-page",
    "version": "1.0.0",
    "description": "",
    "main": "index.js",
    "scripts": {
      "dev": "npx webpack --mode development ./build/webpack.dev.js",
      "start:dev": "npx webpack-dev-server --mode development ./build/webpack.dev.js"
    },
    "keywords": [],
    "author": "",
    "license": "ISC",
    "dependencies": {
      "react": "^16.6.3",
      "react-dom": "^16.6.3"
    },
    "devDependencies": {
      "babel-core": "^6.26.3",
      "babel-loader": "^8.0.4",
      "babel-preset-env": "^1.7.0",
      "html-webpack-plugin": "^3.2.0",
      "webpack": "^4.27.1",
      "webpack-cli": "^3.1.2",
      "webpack-dev-server": "^3.1.10"
    }
  }

yarn manifest: 
  No manifest

Lockfile: 
  No lockfile

Trace: 
  Error: Command failed.
  Exit code: 128
  Command: git
  Arguments: ls-remote --tags --heads ssh://git@github.com/webpack-contrib/html-webpack-plugin.git
  Directory: /Users/qudian/Documents/project/free/project/bundler/single-page
  Output:
  Host key verification failed.
  fatal: Could not read from remote repository.
  
  Please make sure you have the correct access rights
  and the repository exists.
      at ProcessTermError.MessageError (/usr/local/lib/node_modules/yarn/lib/cli.js:186:110)
      at new ProcessTermError (/usr/local/lib/node_modules/yarn/lib/cli.js:226:113)
      at ChildProcess.<anonymous> (/usr/local/lib/node_modules/yarn/lib/cli.js:30281:17)
      at emitTwo (events.js:126:13)
      at ChildProcess.emit (events.js:214:7)
      at maybeClose (internal/child_process.js:925:16)
      at Socket.stream.socket.on (internal/child_process.js:346:11)
      at emitOne (events.js:116:13)
      at Socket.emit (events.js:211:7)
      at Pipe._handle.close [as _onclose] (net.js:567:12)
